\o Program:		@(#)$CDS: libManager version 6.1.5 - CAT32 05/06/2013 23:35 (cat91amd) $
\o Sub version:		sub-version  s014 
\o Arguments:		-mpssession virtuoso5515 -mpshost avril.it.kth.se 
\o Working Directory:	avril.it.kth.se:/afs/kth.se/home/s/a/saul/projects/PDK_GRAPHENE
\o 64-bit offsets
\o Qt version: 		4.5.3
\o Log file is "/afs/kth.se/home/s/a/saul/projects/PDK_GRAPHENE/libManager.log".
\o Opening libManager window.
\a nrSetCurrentWindow(cdsLibManager)
\a nrResizeWindow(cdsLibManager list(292 75 1402 957))
\o changeWorkingDir("/afs/kth.se/home/s/a/saul/projects/PDK_GRAPHENE") unnecessary.
\o ddSetForcedLib("") unnecessary.
\o MPS service: map window
\o Library Manager customization server connected.
\a cdsLibManager->libListBox->value = "AMPLIFIERS"
\a cdsLibManager->libLineEdit->value = "AMPLIFIERS"
\a cdsLibManager->cellListBox->value = "basic_resistor"
\a cdsLibManager->cellLineEdit->value = "basic_resistor"
\a cdsLibManager->viewListBox->value = "layout"
\a cdsLibManager->viewLineEdit->value = "layout"
\o MPS request: edit design
\a nrListItemAction(cdsLibManager->gdmXTView 0 0)
\a nrResizeWindow(cdsLibManager list(241 727 1402 957))
\a nrResizeWindow(cdsLibManager list(236 720 1402 957))
\a nrSetCurrentWindow(cdsLibManager)
\a nrSetCurrentWindow(cdsLibManager)
\a cdsLibManager->libListBox->value = nil
\a cdsLibManager->cellListBox->value = nil
\a cdsLibManager->viewLineEdit->value = ""
\a cdsLibManager->viewListBox->value = nil
\a cdsLibManager->cellLineEdit->value = ""
\a cdsLibManager->libLineEdit->value = ""
\a cdsLibManager->libListBox->value = "AMPLIFIERS"
\a cdsLibManager->libLineEdit->value = "AMPLIFIERS"
\a cdsLibManager->cellListBox->value = "basic_resistor"
\a cdsLibManager->cellLineEdit->value = "basic_resistor"
\a cdsLibManager->viewListBox->value = "layout"
\a cdsLibManager->viewLineEdit->value = "layout"
\a cdsLibManager->viewLineEdit->value = ""
\a cdsLibManager->viewListBox->value = nil
\a cdsLibManager->viewListBox->value = "layout"
\a cdsLibManager->viewLineEdit->value = "layout"
\a nrSetCurrentWindow(cdsLibManager)
\o MPS service: shutdown
\o libManager is exiting.
\a nrSetWindowVisibility(cdsLibManager "hide")
\a exit(0)
