\# Program start time UTC 2013.08.20 11:44:05.055
\# Local time Tuesday 20 August 2013, 1:44 pm
\o Program:		@(#)$CDS: virtuoso version 6.1.5-64b 03/12/2013 00:04 (sjfdl066) $
\o Hierarchy:		/afs/ict.kth.se/pkg/designkits/ekt/cdc/installs/IC615_500/tools.lnx86/dfII/
\o Sub version:		sub-version  IC6.1.5-64b.500.16.2  (64-bit addresses)
\# Host name (type):	atlantis.it.kth.se (x86_64)
\# Operating system:	Linux 2.6.18-348.4.1.el5 #1 SMP Fri Mar 22 05:41:51 EDT 2013
\# X display name (WxH):	atlantis.it.kth.se:80.0 (1024x868)
\# Available geometry:			TL(0:0) BR(1023:867)
\# X server:			RealVNC Ltd (VNC nograph server)
\# Depth of Visual (Root):	16 (16)
\# Number of Planes Used:	16
\# X version:		11.0 (vendor release 3370)
\# X resource pool:	base 0x2c00000, mask 0x3fffff (4194303), shift 0
\# 			current id 0x31, current max 0x3ffffa (4194298)
\# Memory report:	maximum data size 18446744073709551615 (0xffffffffffffffff) bytes
\# Memory report:	maximum process size 18446744073709551615 (0xffffffffffffffff) bytes
\# Initial sbrk value:	498171904 (0x1db18000) bytes
\# Available memory:	64203968 (0x3d3acc0) kilobytes
\# System memory:	98765656 (0x5e30b58) kilobytes
\# Maximum memory size:	100686700544 (0x1771652000) bytes
\# Max mem available:	65793703936 (0xf519c4000) bytes
\# Initial memory used:	48840704 (0x2e94000) bytes
\# Qt version:		4.5.3
\# Window Manager:	other
\# User Name:		saul
\o Working Directory:	atlantis.it.kth.se:/afs/ict.kth.se/home/s/a/saul/projects/PDK_GRAPHENE
\# Process Id:		3497
\o 
\o COPYRIGHT © 1992-2013  CADENCE DESIGN SYSTEMS INC.  ALL RIGHTS RESERVED.
\o           © 1992-2013  UNIX SYSTEMS Laboratories INC.,
\o                          Reproduced with permission.
\o 
\o This Cadence Design Systems program and online documentation are
\o proprietary/confidential information and may be disclosed/used only
\o as authorized in a license agreement controlling such use and disclosure.
\o 
\o           RESTRICTED RIGHTS NOTICE (SHORT FORM)
\o Use/reproduction/disclosure is subject to restriction
\o set forth at FAR 1252.227-19 or its equivalent.
\# Available memory:	64143860 (0x3d2c1f4) kilobytes UTC 2013.08.20 11:44:06.492
\# Memory report: Maximum memory size now 65740005376 (0xf4e68e000) bytes, UTC 2013.08.20 11:44:06.492
\o Loading geView.cxt 
\o Loading menuBuilder.cxt 
\o Loading schView.cxt 
\o Loading selectSv.cxt 
\o Loading pvsskill.cxt.
\o PVS: IPVS cannot be started in nographic mode
\o Loading LVS.cxt 
\o Loading layerProc.cxt 
\o Loading xlUI.cxt 
\o Loading auCore.cxt 
\o Loading dcm.cxt 
\o Loading vhdl.cxt 
\o Loading seismic.cxt 
\o Loading ci.cxt 
\o Loading ams.cxt 
\o Loading adexl.cxt 
\o Loading oasis.cxt 
\o Loading asimenv.cxt 
\o Loading analog.cxt 
\o Loading par.cxt 
\o Loading socket.cxt 
\o Loading alvs.cxt 
\o *Info*    Exporting services from client ... 
\o 
\o *Info*    Client has finished starting ... 
\o 
\p > 
\o 
\o 
\o *Info*    Configuring the session ...
\o 
\o 	Library      = AMP_CONFIG
\o 	Cell         = gfet_bias
\o 	View         = schematic
\o 	Simulator    = spectre
\o 	State Path   = $AXL_SETUPDB_DIR/test_states
\o 	State Name   = AMP_CONFIG:gfet_bias:1_none_Interactive.47
\o 	Results DB   = /afs/ict.kth.se/home/s/a/saul/projects/PDK_GRAPHENE/AMP_CONFIG/gfet_bias/adexl/results/data/Interactive.47.rdb
\o 	Results Dir  = /afs/ict.kth.se/home/s/a/saul/simulation/AMP_CONFIG/gfet_bias/adexl/results/data/Interactive.47/3/AMP_CONFIG:gfet_bias:1
\o 	Results Loc  = /afs/ict.kth.se/home/s/a/saul/simulation/AMP_CONFIG/gfet_bias/adexl/results/data
\o 	Project Dir  = /afs/it.kth.se/home/s/saul/simulation
\o 	Setup DB loc = /afs/ict.kth.se/home/s/a/saul/projects/PDK_GRAPHENE/AMP_CONFIG/gfet_bias/adexl
\o 	File Encoding = 0
\o 
\o 
\o Loading simui.cxt 
\o Loading awv.cxt 
\o Loading viva.cxt 
\o *Info*    Spectre controlMode is set "batch".
\o 
\o Loading spectrei.cxt 
\o Loading relXpert.cxt 
\o libInit.il file is loaded
\# Memory report: now 153960448 (0x92d4000) bytes, UTC 2013.08.20 11:44:16.891
\o Loading devCheck.cxt 
\o Simulation design variables differ from those on the cellView,
\o they have been saved in the file "/tmp/saved-design-variables".
\o To save future changes, copy variables to cellView before exiting.
\# Memory report: on exit 156495872 (0x953f000) bytes, UTC 2013.08.20 11:49:28.942
\# Memory report: peak usage 156499968 (0x9540000) bytes
